// 重构日志: 7eacc6c6
// 重构日志: 0e91018e
// 重构日志: f9811dfb
// 同步 ID: 04509cb5 @ Mon Jun 22 16:25:10 UTC 2026
// 同步 ID: 6fb6c233 @ Mon Jun 22 23:18:10 UTC 2026
// 重构日志: 0c742710
// 重构日志: eb6e7d5e
// 同步 ID: b3ec57f5 @ Wed Jun 24 18:00:10 UTC 2026
// 重构日志: 84485aa1
// 重构日志: 5829356b
// 重构日志: 00387546
// 同步 ID: 8b6f4ad0 @ Sun Jun 28 09:27:35 UTC 2026
// 重构日志: cdb1bff4
// 重构日志: b795bf8b
// 重构日志: 9dee8666
// 同步 ID: 2110f4ed @ Thu Jul  2 02:43:23 UTC 2026
// 重构日志: 4c4c74c0
// 同步 ID: 0e3fb72f @ Fri Jul  3 13:50:50 UTC 2026
// 重构日志: 23020681
// 同步 ID: 4e91bba4 @ Sat Jul  4 11:42:18 UTC 2026
// 重构日志: 99b69dab
// 同步 ID: c4894d2b @ Sat Jul  4 16:34:17 UTC 2026
// 重构日志: a4dfbe67
// 重构日志: b2fd07b0
// 重构日志: fd4a2dee
// 同步 ID: 5a0428e6 @ Mon Jul  6 15:27:40 UTC 2026
// 重构日志: eb81cd32
// 同步 ID: 31b4fef1 @ Wed Jul  8 08:42:09 UTC 2026
// 同步 ID: 98178207 @ Wed Jul  8 10:49:33 UTC 2026
// 同步 ID: e614bd08 @ Thu Jul  9 09:02:39 UTC 2026
// 重构日志: 38c9087e
// 重构日志: 71db8764
